This file contains any messages produced by compilers while
running configure, to aid debugging if configure makes a mistake.

It was created by configure, which was
generated by GNU Autoconf 2.69.  Invocation command line was

  $ ./configure 

## --------- ##
## Platform. ##
## --------- ##

hostname = mds-macbook-pro.memphis.edu
uname -m = x86_64
uname -r = 14.0.0
uname -s = Darwin
uname -v = Darwin Kernel Version 14.0.0: Fri Sep 19 00:26:44 PDT 2014; root:xnu-2782.1.97~2/RELEASE_X86_64

/usr/bin/uname -p = i386
/bin/uname -X     = unknown

/bin/arch              = unknown
/usr/bin/arch -k       = unknown
/usr/convex/getsysinfo = unknown
/usr/bin/hostinfo      = Mach kernel version:
	 Darwin Kernel Version 14.0.0: Fri Sep 19 00:26:44 PDT 2014; root:xnu-2782.1.97~2/RELEASE_X86_64
Kernel configured for up to 4 processors.
2 processors are physically available.
4 processors are logically available.
Processor type: x86_64h (Intel x86-64h Haswell)
Processors active: 0 1 2 3
Primary memory available: 8.00 gigabytes
Default processor set: 243 tasks, 1153 threads, 4 processors
Load average: 1.96, Mach factor: 2.03
/bin/machine           = unknown
/usr/bin/oslevel       = unknown
/bin/universe          = unknown

PATH: /opt/local/bin
PATH: /opt/local/sbin
PATH: /usr/local/git/bin
PATH: /usr/local/bin
PATH: /usr/bin
PATH: /usr/local/sbin
PATH: /Users/sabber/Documents/opt/SU/bin
PATH: /usr/local/bin
PATH: /usr/bin
PATH: /bin
PATH: /usr/sbin
PATH: /sbin
PATH: /opt/X11/bin
PATH: /usr/local/git/bin
PATH: /usr/texbin
PATH: /Users/sabber/Documents/opt/sac/bin
PATH: /Users/sabber/Documents/opt/rdseedv5.3.1/bin
PATH: /Users/sabber/Documents/opt/fk


## ----------- ##
## Core tests. ##
## ----------- ##

configure:2636: checking build system type
configure:2650: result: i686-apple-darwin14.0.0
configure:2670: checking host system type
configure:2683: result: i686-apple-darwin14.0.0
configure:2705: *** Fishing for legacy fortran compiler.
configure:2760: checking for ifort
configure:2790: result: no
configure:2760: checking for ifc
configure:2790: result: no
configure:2760: checking for efc
configure:2790: result: no
configure:2760: checking for sunf95
configure:2790: result: no
configure:2760: checking for gfortran
configure:2776: found /opt/local/bin/gfortran
configure:2787: result: gfortran
configure:2813: checking for Fortran 77 compiler version
configure:2822: gfortran --version >&5
GNU Fortran (MacPorts gcc48 4.8.3_4) 4.8.3
Copyright (C) 2013 Free Software Foundation, Inc.

GNU Fortran comes with NO WARRANTY, to the extent permitted by law.
You may redistribute copies of GNU Fortran
under the terms of the GNU General Public License.
For more information about these matters, see the file named COPYING

configure:2833: $? = 0
configure:2822: gfortran -v >&5
Using built-in specs.
COLLECT_GCC=gfortran
COLLECT_LTO_WRAPPER=/opt/local/libexec/gcc/x86_64-apple-darwin14/4.8.3/lto-wrapper
Target: x86_64-apple-darwin14
Configured with: /opt/local/var/macports/build/_opt_mports_dports_lang_gcc48/gcc48/work/gcc-4.8.3/configure --prefix=/opt/local --build=x86_64-apple-darwin14 --enable-languages=c,c++,objc,obj-c++,lto,fortran,java --libdir=/opt/local/lib/gcc48 --includedir=/opt/local/include/gcc48 --infodir=/opt/local/share/info --mandir=/opt/local/share/man --datarootdir=/opt/local/share/gcc-4.8 --with-local-prefix=/opt/local --with-system-zlib --disable-nls --program-suffix=-mp-4.8 --with-gxx-include-dir=/opt/local/include/gcc48/c++/ --with-gmp=/opt/local --with-mpfr=/opt/local --with-mpc=/opt/local --with-isl=/opt/local --disable-isl-version-check --with-cloog=/opt/local --disable-cloog-version-check --enable-stage1-checking --disable-multilib --enable-lto --enable-libstdcxx-time --with-as=/opt/local/bin/as --with-ld=/opt/local/bin/ld --with-ar=/opt/local/bin/ar --with-bugurl=https://trac.macports.org/newticket --with-pkgversion='MacPorts gcc48 4.8.3_4'
Thread model: posix
gcc version 4.8.3 (MacPorts gcc48 4.8.3_4) 
configure:2833: $? = 0
configure:2822: gfortran -V >&5
gfortran: error: unrecognized command line option '-V'
gfortran: fatal error: no input files
compilation terminated.
configure:2833: $? = 1
configure:2822: gfortran -qversion >&5
gfortran: error: unrecognized command line option '-qversion'
gfortran: fatal error: no input files
compilation terminated.
configure:2833: $? = 1
configure:2848: checking whether the Fortran 77 compiler works
configure:2870: gfortran  -L conftest.f  >&5
gfortran: fatal error: no input files
compilation terminated.
configure:2874: $? = 1
configure:2912: result: no
configure: failed program was:
|       program main
| 
|       end
configure:2917: error: in `/Users/sabber/Desktop/codes/dynearthsol3d_energy/libadaptivity':
configure:2919: error: Fortran 77 compiler cannot create executables
See `config.log' for more details

## ---------------- ##
## Cache variables. ##
## ---------------- ##

ac_cv_build=i686-apple-darwin14.0.0
ac_cv_env_CCC_set=
ac_cv_env_CCC_value=
ac_cv_env_CC_set=
ac_cv_env_CC_value=
ac_cv_env_CFLAGS_set=
ac_cv_env_CFLAGS_value=
ac_cv_env_CPPFLAGS_set=
ac_cv_env_CPPFLAGS_value=
ac_cv_env_CPP_set=
ac_cv_env_CPP_value=
ac_cv_env_CXXCPP_set=
ac_cv_env_CXXCPP_value=
ac_cv_env_CXXFLAGS_set=
ac_cv_env_CXXFLAGS_value=
ac_cv_env_CXX_set=
ac_cv_env_CXX_value=
ac_cv_env_F77_set=
ac_cv_env_F77_value=
ac_cv_env_FCFLAGS_set=
ac_cv_env_FCFLAGS_value=
ac_cv_env_FC_set=
ac_cv_env_FC_value=
ac_cv_env_FFLAGS_set=
ac_cv_env_FFLAGS_value=
ac_cv_env_LDFLAGS_set=set
ac_cv_env_LDFLAGS_value=-L
ac_cv_env_LIBS_set=
ac_cv_env_LIBS_value=
ac_cv_env_build_alias_set=
ac_cv_env_build_alias_value=
ac_cv_env_host_alias_set=
ac_cv_env_host_alias_value=
ac_cv_env_target_alias_set=
ac_cv_env_target_alias_value=
ac_cv_host=i686-apple-darwin14.0.0
ac_cv_prog_ac_ct_F77=gfortran

## ----------------- ##
## Output variables. ##
## ----------------- ##

AR=''
ARFLAGS=''
BLAS_LIBS=''
CC=''
CFLAGS=''
CPP=''
CPPFLAGS=''
CXX=''
CXXCPP=''
CXXFLAGS=''
DEFS=''
ECHO_C='\c'
ECHO_N=''
ECHO_T=''
EGREP=''
EXEEXT=''
F77='gfortran'
FC=''
FCFLAGS=''
FCLIBS=''
FFLAGS=''
FLIBS=''
FORTRAN_REAL_8=''
GREP=''
INSTALL_DATA=''
INSTALL_PROGRAM=''
INSTALL_SCRIPT=''
LAPACK_LIBS=''
LDFLAGS='-L'
LIBOBJS=''
LIBS=''
LINKER=''
LTLIBOBJS=''
MAKE=''
MAKE_PARALLEL_OPTION=''
MPICC=''
MPICXX=''
MPIF77=''
MPIF90=''
OBJEXT=''
OPTIMIZATION_FFLAGS=''
PACKAGE_BUGREPORT=''
PACKAGE_NAME=''
PACKAGE_STRING=''
PACKAGE_TARNAME=''
PACKAGE_URL=''
PACKAGE_VERSION=''
PATH_SEPARATOR=':'
PROFILING_FLAG=''
RANLIB=''
SHELL='/bin/sh'
USE_CPP=''
VTK=''
ac_ct_CC=''
ac_ct_CXX=''
ac_ct_F77='gfortran'
ac_ct_FC=''
bindir='${exec_prefix}/bin'
build='i686-apple-darwin14.0.0'
build_alias=''
build_cpu='i686'
build_os='darwin14.0.0'
build_vendor='apple'
datadir='${datarootdir}'
datarootdir='${prefix}/share'
docdir='${datarootdir}/doc/${PACKAGE}'
dvidir='${docdir}'
enable_mpi=''
exec_prefix='NONE'
host='i686-apple-darwin14.0.0'
host_alias=''
host_cpu='i686'
host_os='darwin14.0.0'
host_vendor='apple'
htmldir='${docdir}'
includedir='${prefix}/include'
infodir='${datarootdir}/info'
libdir='${exec_prefix}/lib'
libexecdir='${exec_prefix}/libexec'
localedir='${datarootdir}/locale'
localstatedir='${prefix}/var'
mandir='${datarootdir}/man'
oldincludedir='/usr/include'
pdfdir='${docdir}'
prefix='NONE'
program_transform_name='s,x,x,'
psdir='${docdir}'
sbindir='${exec_prefix}/sbin'
sharedstatedir='${prefix}/com'
sysconfdir='${prefix}/etc'
target_alias=''

## ----------- ##
## confdefs.h. ##
## ----------- ##

/* confdefs.h */
#define PACKAGE_NAME ""
#define PACKAGE_TARNAME ""
#define PACKAGE_VERSION ""
#define PACKAGE_STRING ""
#define PACKAGE_BUGREPORT ""
#define PACKAGE_URL ""

configure: exit 77
